This is pdfTeX, Version 3.14159265-2.6-1.40.17 (TeX Live 2016) (preloaded format=pdflatex 2017.1.4)  13 JAN 2017 19:17
entering extended mode
 restricted \write18 enabled.
 %&-line parsing enabled.
**paper
(./paper.tex
LaTeX2e <2016/03/31>
Babel <3.9r> and hyphenation patterns for 83 language(s) loaded.
(./mnras.cls
Document Class: mnras 2015/05/22\ v3.0\ LaTeX2e MNRAS document class
MNRAS document style v3.0, released 2015/05/22

Package mnras Warning: Unknown option `a4paper' on input line 113.

(/usr/local/texlive/2016/texmf-dist/tex/latex/geometry/geometry.sty
Package: geometry 2010/09/12 v5.6 Page Geometry

(/usr/local/texlive/2016/texmf-dist/tex/latex/graphics/keyval.sty
Package: keyval 2014/10/28 v1.15 key=value parser (DPC)
\KV@toks@=\toks14
)
(/usr/local/texlive/2016/texmf-dist/tex/generic/oberdiek/ifpdf.sty
Package: ifpdf 2016/05/14 v3.1 Provides the ifpdf switch
)
(/usr/local/texlive/2016/texmf-dist/tex/generic/oberdiek/ifvtex.sty
Package: ifvtex 2016/05/16 v1.6 Detect VTeX and its facilities (HO)
Package ifvtex Info: VTeX not detected.
)
(/usr/local/texlive/2016/texmf-dist/tex/generic/ifxetex/ifxetex.sty
Package: ifxetex 2010/09/12 v0.6 Provides ifxetex conditional
)
\Gm@cnth=\count79
\Gm@cntv=\count80
\c@Gm@tempcnt=\count81
\Gm@bindingoffset=\dimen102
\Gm@wd@mp=\dimen103
\Gm@odd@mp=\dimen104
\Gm@even@mp=\dimen105
\Gm@layoutwidth=\dimen106
\Gm@layoutheight=\dimen107
\Gm@layouthoffset=\dimen108
\Gm@layoutvoffset=\dimen109
\Gm@dimlist=\toks15
)
(/usr/local/texlive/2016/texmf-dist/tex/latex/base/fixltx2e.sty
Package: fixltx2e 2015/06/22 v2.0b fixes to LaTeX (obsolete)


Package fixltx2e Warning: fixltx2e is not required with releases after 2015
(fixltx2e)                All fixes are now in the LaTeX kernel.
(fixltx2e)                See the latexrelease package for details.

) (/usr/local/texlive/2016/texmf-dist/tex/latex/hyperref/hyperref.sty
Package: hyperref 2016/05/05 v6.83n Hypertext links for LaTeX

(/usr/local/texlive/2016/texmf-dist/tex/generic/oberdiek/hobsub-hyperref.sty
Package: hobsub-hyperref 2016/05/16 v1.14 Bundle oberdiek, subset hyperref (HO)


(/usr/local/texlive/2016/texmf-dist/tex/generic/oberdiek/hobsub-generic.sty
Package: hobsub-generic 2016/05/16 v1.14 Bundle oberdiek, subset generic (HO)
Package: hobsub 2016/05/16 v1.14 Construct package bundles (HO)
Package: infwarerr 2016/05/16 v1.4 Providing info/warning/error messages (HO)
Package: ltxcmds 2016/05/16 v1.23 LaTeX kernel commands for general use (HO)
Package: ifluatex 2016/05/16 v1.4 Provides the ifluatex switch (HO)
Package ifluatex Info: LuaTeX not detected.
Package hobsub Info: Skipping package `ifvtex' (already loaded).
Package: intcalc 2016/05/16 v1.2 Expandable calculations with integers (HO)
Package hobsub Info: Skipping package `ifpdf' (already loaded).
Package: etexcmds 2016/05/16 v1.6 Avoid name clashes with e-TeX commands (HO)
Package etexcmds Info: Could not find \expanded.
(etexcmds)             That can mean that you are not using pdfTeX 1.50 or
(etexcmds)             that some package has redefined \expanded.
(etexcmds)             In the latter case, load this package earlier.
Package: kvsetkeys 2016/05/16 v1.17 Key value parser (HO)
Package: kvdefinekeys 2016/05/16 v1.4 Define keys (HO)
Package: pdftexcmds 2016/05/10 v0.21 Utility functions of pdfTeX for LuaTeX (HO
)
Package pdftexcmds Info: LuaTeX not detected.
Package pdftexcmds Info: \pdf@primitive is available.
Package pdftexcmds Info: \pdf@ifprimitive is available.
Package pdftexcmds Info: \pdfdraftmode found.
Package: pdfescape 2016/05/16 v1.14 Implements pdfTeX's escape features (HO)
Package: bigintcalc 2016/05/16 v1.4 Expandable calculations on big integers (HO
)
Package: bitset 2016/05/16 v1.2 Handle bit-vector datatype (HO)
Package: uniquecounter 2016/05/16 v1.3 Provide unlimited unique counter (HO)
)
Package hobsub Info: Skipping package `hobsub' (already loaded).
Package: letltxmacro 2016/05/16 v1.5 Let assignment for LaTeX macros (HO)
Package: hopatch 2016/05/16 v1.3 Wrapper for package hooks (HO)
Package: xcolor-patch 2016/05/16 xcolor patch
Package: atveryend 2016/05/16 v1.9 Hooks at the very end of document (HO)
Package atveryend Info: \enddocument detected (standard20110627).
Package: atbegshi 2016/05/16 v1.17 At begin shipout hook (HO)
Package: refcount 2016/05/16 v3.5 Data extraction from label references (HO)
Package: hycolor 2016/05/16 v1.8 Color options for hyperref/bookmark (HO)
)
(/usr/local/texlive/2016/texmf-dist/tex/latex/oberdiek/auxhook.sty
Package: auxhook 2016/05/16 v1.4 Hooks for auxiliary files (HO)
)
(/usr/local/texlive/2016/texmf-dist/tex/latex/oberdiek/kvoptions.sty
Package: kvoptions 2016/05/16 v3.12 Key value format for package options (HO)
)
\@linkdim=\dimen110
\Hy@linkcounter=\count82
\Hy@pagecounter=\count83

(/usr/local/texlive/2016/texmf-dist/tex/latex/hyperref/pd1enc.def
File: pd1enc.def 2016/05/05 v6.83n Hyperref: PDFDocEncoding definition (HO)
)
\Hy@SavedSpaceFactor=\count84

(/usr/local/texlive/2016/texmf-dist/tex/latex/latexconfig/hyperref.cfg
File: hyperref.cfg 2002/06/06 v1.2 hyperref configuration of TeXLive
)
Package hyperref Info: Hyper figures OFF on input line 4446.
Package hyperref Info: Link nesting OFF on input line 4451.
Package hyperref Info: Hyper index ON on input line 4454.
Package hyperref Info: Plain pages OFF on input line 4461.
Package hyperref Info: Backreferencing OFF on input line 4466.
Package hyperref Info: Implicit mode ON; LaTeX internals redefined.
Package hyperref Info: Bookmarks ON on input line 4691.
\c@Hy@tempcnt=\count85

(/usr/local/texlive/2016/texmf-dist/tex/latex/url/url.sty
\Urlmuskip=\muskip10
Package: url 2013/09/16  ver 3.4  Verb mode for urls, etc.
)
LaTeX Info: Redefining \url on input line 5044.
\XeTeXLinkMargin=\dimen111
\Fld@menulength=\count86
\Field@Width=\dimen112
\Fld@charsize=\dimen113
Package hyperref Info: Hyper figures OFF on input line 6298.
Package hyperref Info: Link nesting OFF on input line 6303.
Package hyperref Info: Hyper index ON on input line 6306.
Package hyperref Info: backreferencing OFF on input line 6313.
Package hyperref Info: Link coloring OFF on input line 6318.
Package hyperref Info: Link coloring with OCG OFF on input line 6323.
Package hyperref Info: PDF/A mode OFF on input line 6328.
LaTeX Info: Redefining \ref on input line 6368.
LaTeX Info: Redefining \pageref on input line 6372.


Package hyperref Warning: Option `pdfpagelabels' is turned off
(hyperref)                because \thepage is undefined.

\c@Item=\count87
\c@Hfootnote=\count88
)

Package hyperref Message: Driver (autodetected): hpdftex.

(/usr/local/texlive/2016/texmf-dist/tex/latex/hyperref/hpdftex.def
File: hpdftex.def 2016/05/05 v6.83n Hyperref driver for pdfTeX
\Fld@listcount=\count89
\c@bookmark@seq@number=\count90

(/usr/local/texlive/2016/texmf-dist/tex/latex/oberdiek/rerunfilecheck.sty
Package: rerunfilecheck 2016/05/16 v1.8 Rerun checks for auxiliary files (HO)
Package uniquecounter Info: New unique counter `rerunfilecheck' on input line 2
82.
)
\Hy@SectionHShift=\skip41
)
Package hyperref Info: Option `colorlinks' set `true' on input line 123.
\math@groups=\toks16
LaTeX Font Info:    Overwriting symbol font `symbols' in version `bold'
(Font)                  OMS/cmsy/b/n --> OMS/cmsy/b/n on input line 276.
\symbmisymbols=\mathgroup4
\SFB@measure=\dimen114
\realparindent=\skip42
\c@part=\count91
\c@section=\count92
\c@subsection=\count93
\c@subsubsection=\count94
\c@paragraph=\count95
\c@subparagraph=\count96
\@indentskip=\skip43
\smallindent=\skip44
\@footindent=\skip45
\@leftskip=\skip46

(/Users/girish/Library/texmf/tex/latex/aastex52/natbib.sty
Package: natbib 2003/06/06 7.1 (PWD)
\bibhang=\skip47
\bibsep=\skip48
LaTeX Info: Redefining \cite on input line 518.
\c@NAT@ctr=\count97
)
\c@table=\count98
\c@figure=\count99
)
(/usr/local/texlive/2016/texmf-dist/tex/latex/base/fontenc.sty
Package: fontenc 2005/09/27 v1.99g Standard LaTeX package

(/usr/local/texlive/2016/texmf-dist/tex/latex/base/t1enc.def
File: t1enc.def 2005/09/27 v1.99g Standard LaTeX file
LaTeX Font Info:    Redeclaring font encoding T1 on input line 48.
))
(/usr/local/texlive/2016/texmf-dist/tex/latex/ae/ae.sty
Package: ae 2001/02/12 1.3 Almost European Computer Modern

(/usr/local/texlive/2016/texmf-dist/tex/latex/base/fontenc.sty
Package: fontenc 2005/09/27 v1.99g Standard LaTeX package

(/usr/local/texlive/2016/texmf-dist/tex/latex/base/t1enc.def
File: t1enc.def 2005/09/27 v1.99g Standard LaTeX file
LaTeX Font Info:    Redeclaring font encoding T1 on input line 48.
)
LaTeX Font Info:    Try loading font information for T1+aer on input line 105.

(/usr/local/texlive/2016/texmf-dist/tex/latex/ae/t1aer.fd
File: t1aer.fd 1997/11/16 Font definitions for T1/aer.
)))
(/usr/local/texlive/2016/texmf-dist/tex/latex/ae/aecompl.sty
Package: aecompl 1998/07/23 0.9 T1 Complements for AE fonts (D. Roegel)
)
(/usr/local/texlive/2016/texmf-dist/tex/latex/graphics/graphicx.sty
Package: graphicx 2014/10/28 v1.0g Enhanced LaTeX Graphics (DPC,SPQR)

(/usr/local/texlive/2016/texmf-dist/tex/latex/graphics/graphics.sty
Package: graphics 2016/05/09 v1.0r Standard LaTeX Graphics (DPC,SPQR)

(/usr/local/texlive/2016/texmf-dist/tex/latex/graphics/trig.sty
Package: trig 2016/01/03 v1.10 sin cos tan (DPC)
)
(/usr/local/texlive/2016/texmf-dist/tex/latex/graphics-cfg/graphics.cfg
File: graphics.cfg 2016/01/02 v1.10 sample graphics configuration
)
Package graphics Info: Driver file: pdftex.def on input line 96.

(/usr/local/texlive/2016/texmf-dist/tex/latex/pdftex-def/pdftex.def
File: pdftex.def 2011/05/27 v0.06d Graphics/color for pdfTeX
\Gread@gobject=\count100
))
\Gin@req@height=\dimen115
\Gin@req@width=\dimen116
)
(/usr/local/texlive/2016/texmf-dist/tex/latex/amsmath/amsmath.sty
Package: amsmath 2016/03/10 v2.15b AMS math features
\@mathmargin=\skip49

For additional information on amsmath, use the `?' option.
(/usr/local/texlive/2016/texmf-dist/tex/latex/amsmath/amstext.sty
Package: amstext 2000/06/29 v2.01 AMS text

(/usr/local/texlive/2016/texmf-dist/tex/latex/amsmath/amsgen.sty
File: amsgen.sty 1999/11/30 v2.0 generic functions
\@emptytoks=\toks17
\ex@=\dimen117
))
(/usr/local/texlive/2016/texmf-dist/tex/latex/amsmath/amsbsy.sty
Package: amsbsy 1999/11/29 v1.2d Bold Symbols
\pmbraise@=\dimen118
)
(/usr/local/texlive/2016/texmf-dist/tex/latex/amsmath/amsopn.sty
Package: amsopn 2016/03/08 v2.02 operator names
)
\inf@bad=\count101
LaTeX Info: Redefining \frac on input line 199.
\uproot@=\count102
\leftroot@=\count103
LaTeX Info: Redefining \overline on input line 297.
\classnum@=\count104
\DOTSCASE@=\count105
LaTeX Info: Redefining \ldots on input line 394.
LaTeX Info: Redefining \dots on input line 397.
LaTeX Info: Redefining \cdots on input line 518.
\Mathstrutbox@=\box26
\strutbox@=\box27
\big@size=\dimen119
LaTeX Font Info:    Redeclaring font encoding OML on input line 634.
LaTeX Font Info:    Redeclaring font encoding OMS on input line 635.
\macc@depth=\count106
\c@MaxMatrixCols=\count107
\dotsspace@=\muskip11
\c@parentequation=\count108
\dspbrk@lvl=\count109
\tag@help=\toks18
\row@=\count110
\column@=\count111
\maxfields@=\count112
\andhelp@=\toks19
\eqnshift@=\dimen120
\alignsep@=\dimen121
\tagshift@=\dimen122
\tagwidth@=\dimen123
\totwidth@=\dimen124
\lineht@=\dimen125
\@envbody=\toks20
\multlinegap=\skip50
\multlinetaggap=\skip51
\mathdisplay@stack=\toks21
LaTeX Info: Redefining \[ on input line 2739.
LaTeX Info: Redefining \] on input line 2740.
)
(/usr/local/texlive/2016/texmf-dist/tex/latex/amsfonts/amssymb.sty
Package: amssymb 2013/01/14 v3.01 AMS font symbols

(/usr/local/texlive/2016/texmf-dist/tex/latex/amsfonts/amsfonts.sty
Package: amsfonts 2013/01/14 v3.01 Basic AMSFonts support
\symAMSa=\mathgroup5
\symAMSb=\mathgroup6
LaTeX Font Info:    Overwriting math alphabet `\mathfrak' in version `bold'
(Font)                  U/euf/m/n --> U/euf/b/n on input line 106.
))
(/usr/local/texlive/2016/texmf-dist/tex/latex/oberdiek/pdflscape.sty
Package: pdflscape 2016/05/14 v0.11 Display of landscape pages in PDF (HO)

(/usr/local/texlive/2016/texmf-dist/tex/latex/graphics/lscape.sty
Package: lscape 2000/10/22 v3.01 Landscape Pages (DPC)
)
Package pdflscape Info: Auto-detected driver: pdftex on input line 81.
)
(./paper.aux

LaTeX Warning: Label `fig:mcgreer' multiply defined.

)
\openout1 = `paper.aux'.

LaTeX Font Info:    Checking defaults for OML/cmm/m/it on input line 24.
LaTeX Font Info:    ... okay on input line 24.
LaTeX Font Info:    Checking defaults for T1/cmr/m/n on input line 24.
LaTeX Font Info:    ... okay on input line 24.
LaTeX Font Info:    Checking defaults for OT1/cmr/m/n on input line 24.
LaTeX Font Info:    ... okay on input line 24.
LaTeX Font Info:    Checking defaults for OMS/cmsy/m/n on input line 24.
LaTeX Font Info:    ... okay on input line 24.
LaTeX Font Info:    Checking defaults for OMX/cmex/m/n on input line 24.
LaTeX Font Info:    ... okay on input line 24.
LaTeX Font Info:    Checking defaults for U/cmr/m/n on input line 24.
LaTeX Font Info:    ... okay on input line 24.
LaTeX Font Info:    Checking defaults for PD1/pdf/m/n on input line 24.
LaTeX Font Info:    ... okay on input line 24.

*geometry* driver: auto-detecting
*geometry* detected driver: pdftex
*geometry* verbose mode - [ preamble ] result:
* driver: pdftex
* paper: a4paper
* layout: <same size as paper>
* layoutoffset:(h,v)=(0.0pt,0.0pt)
* modes: twoside 
* h-part:(L,W,R)=(71.70166pt, 418.25368pt, 107.55254pt)
* v-part:(T,H,B)=(101.40665pt, 591.5302pt, 152.11pt)
* \paperwidth=597.50787pt
* \paperheight=845.04684pt
* \textwidth=504.0pt
* \textheight=682.0pt
* \oddsidemargin=-30.0pt
* \evensidemargin=-30.0pt
* \topmargin=0.0pt
* \headheight=14.0pt
* \headsep=15.0pt
* \topskip=9.0pt
* \footskip=22.0pt
* \marginparwidth=48.0pt
* \marginparsep=6.0pt
* \columnsep=24.0pt
* \skip\footins=19.5pt plus 12.0pt minus 1.0pt
* \hoffset=0.0pt
* \voffset=0.0pt
* \mag=1000
* \@twocolumntrue
* \@twosidetrue
* \@mparswitchtrue
* \@reversemarginfalse
* (1in=72.27pt=25.4mm, 1cm=28.453pt)

\AtBeginShipoutBox=\box28
(/usr/local/texlive/2016/texmf-dist/tex/latex/graphics/color.sty
Package: color 2016/05/09 v1.1c Standard LaTeX Color (DPC)

(/usr/local/texlive/2016/texmf-dist/tex/latex/graphics-cfg/color.cfg
File: color.cfg 2016/01/02 v1.6 sample color configuration
)
Package color Info: Driver file: pdftex.def on input line 144.
)
Package hyperref Info: Link coloring ON on input line 24.

(/usr/local/texlive/2016/texmf-dist/tex/latex/hyperref/nameref.sty
Package: nameref 2012/10/27 v2.43 Cross-referencing by name of section

(/usr/local/texlive/2016/texmf-dist/tex/generic/oberdiek/gettitlestring.sty
Package: gettitlestring 2016/05/16 v1.5 Cleanup title references (HO)
)
\c@section@level=\count113
)
LaTeX Info: Redefining \ref on input line 24.
LaTeX Info: Redefining \pageref on input line 24.
LaTeX Info: Redefining \nameref on input line 24.

(./paper.out) (./paper.out)
\@outlinefile=\write3
\openout3 = `paper.out'.


(/usr/local/texlive/2016/texmf-dist/tex/context/base/mkii/supp-pdf.mkii
[Loading MPS to PDF converter (version 2006.09.02).]
\scratchcounter=\count114
\scratchdimen=\dimen126
\scratchbox=\box29
\nofMPsegments=\count115
\nofMParguments=\count116
\everyMPshowfont=\toks22
\MPscratchCnt=\count117
\MPscratchDim=\dimen127
\MPnumerator=\count118
\makeMPintoPDFobject=\count119
\everyMPtoPDFconversion=\toks23
) (/usr/local/texlive/2016/texmf-dist/tex/latex/oberdiek/epstopdf-base.sty
Package: epstopdf-base 2016/05/15 v2.6 Base part for package epstopdf

(/usr/local/texlive/2016/texmf-dist/tex/latex/oberdiek/grfext.sty
Package: grfext 2016/05/16 v1.2 Manage graphics extensions (HO)
)
Package grfext Info: Graphics extension search list:
(grfext)             [.png,.pdf,.jpg,.mps,.jpeg,.jbig2,.jb2,.PNG,.PDF,.JPG,.JPE
G,.JBIG2,.JB2,.eps]
(grfext)             \AppendGraphicsExtensions on input line 456.

(/usr/local/texlive/2016/texmf-dist/tex/latex/latexconfig/epstopdf-sys.cfg
File: epstopdf-sys.cfg 2010/07/13 v1.3 Configuration of (r)epstopdf for TeX Liv
e
))
LaTeX Font Info:    Try loading font information for U+msa on input line 27.

(/usr/local/texlive/2016/texmf-dist/tex/latex/amsfonts/umsa.fd
File: umsa.fd 2013/01/14 v3.01 AMS symbols A
)
LaTeX Font Info:    Try loading font information for U+msb on input line 27.

(/usr/local/texlive/2016/texmf-dist/tex/latex/amsfonts/umsb.fd
File: umsb.fd 2013/01/14 v3.01 AMS symbols B
)
Underfull \hbox (badness 3199) in paragraph at lines 80--83
\T1/aer/m/n/9 In a mag-ni-tude bin $\OT1/cmr/m/n/9 [\OML/cmm/m/it/9 M[]; M[]\OT
1/cmr/m/n/9 )$\T1/aer/m/n/9 , and red-shift bin
 []

LaTeX Font Info:    Try loading font information for OMS+aer on input line 144.

(/usr/local/texlive/2016/texmf-dist/tex/latex/ae/omsaer.fd
File: omsaer.fd 1999/12/27
)
LaTeX Font Info:    Font shape `OMS/aer/m/n' in size <8> not available
(Font)              Font shape `OMS/cmsy/m/n' tried instead on input line 144.
 [1{/usr/local/texlive/2016/texmf-var/fonts/map/pdftex/updmap/pdftex.map}


]
<boss.pdf, id=74, 632.3625pt x 810.86943pt>
File: boss.pdf Graphic file (type pdf)
 <use boss.pdf>
Package pdftex.def Info: boss.pdf used on input line 170.
(pdftex.def)             Requested size: 504.0pt x 646.28372pt.


LaTeX Warning: Float too large for page by 4.28372pt on input line 178.

<sdss.pdf, id=79, 632.3625pt x 800.39027pt>
File: sdss.pdf Graphic file (type pdf)
 <use sdss.pdf>
Package pdftex.def Info: sdss.pdf used on input line 182.
(pdftex.def)             Requested size: 504.0pt x 637.93156pt.


LaTeX Warning: Float too large for page by 5.48344pt on input line 192.

<mcgreer.pdf, id=84, 442.1875pt x 421.28363pt>
File: mcgreer.pdf Graphic file (type pdf)
 <use mcgreer.pdf>
Package pdftex.def Info: mcgreer.pdf used on input line 196.
(pdftex.def)             Requested size: 302.40308pt x 288.12114pt.

<glikman.pdf, id=93, 442.1875pt x 421.28363pt>
File: glikman.pdf Graphic file (type pdf)
 <use glikman.pdf>
Package pdftex.def Info: glikman.pdf used on input line 209.
(pdftex.def)             Requested size: 302.40308pt x 288.12114pt.

<qsos.pdf, id=98, 859.93764pt x 467.31363pt>
File: qsos.pdf Graphic file (type pdf)
 <use qsos.pdf>
Package pdftex.def Info: qsos.pdf used on input line 219.
(pdftex.def)             Requested size: 504.0pt x 273.89433pt.
 [2

] [3pdfTeX warning (ext4): destination with the same identifier (name{figure.1}
) has been already used, duplicate ignored

\AtBegShi@Output ...ipout \box \AtBeginShipoutBox 
                                                  \fi \fi 
l.225 \begin{landscape}
                        <./boss.pdf>] [4pdfTeX warning (ext4): destination with
 the same identifier (name{figure.2}) has been already used, duplicate ignored

\AtBegShi@Output ...ipout \box \AtBeginShipoutBox 
                                                  \fi \fi 
l.225 \begin{landscape}
                        <./sdss.pdf>]
Underfull \vbox (badness 10000) has occurred while \output is active []

 [5pdfTeX warning (ext4): destination with the same identifier (name{figure.3})
 has been already used, duplicate ignored

\AtBegShi@Output ...ipout \box \AtBeginShipoutBox 
                                                  \fi \fi 
l.225 \begin{landscape}
                       pdfTeX warning (ext4): destination with the same identif
ier (name{figure.4}) has been already used, duplicate ignored

\AtBegShi@Output ...ipout \box \AtBeginShipoutBox 
                                                  \fi \fi 
l.225 \begin{landscape}
                        <./mcgreer.pdf> <./glikman.pdf

pdfTeX warning: pdflatex (file ./glikman.pdf): PDF inclusion: multiple pdfs wit
h page group included in a single page
>]
Underfull \vbox (badness 10000) has occurred while \output is active []

 [6pdfTeX warning (ext4): destination with the same identifier (name{figure.5})
 has been already used, duplicate ignored

\AtBegShi@Output ...ipout \box \AtBeginShipoutBox 
                                                  \fi \fi 
l.225 \begin{landscape}
                        <./qsos.pdf>]
LaTeX Font Info:    Try loading font information for T1+aett on input line 236.


(/usr/local/texlive/2016/texmf-dist/tex/latex/ae/t1aett.fd
File: t1aett.fd 1997/11/16 Font definitions for T1/aett.
)
Overfull \hbox (114.98018pt too wide) in paragraph at lines 231--262
[][] 
 []


Underfull \vbox (badness 10000) has occurred while \output is active []


Overfull \hbox (860.0pt too wide) has occurred while \output is active
[] []|[] []
 []

[7pdfTeX warning (ext4): destination with the same identifier (name{table.1}) h
as been already used, duplicate ignored

\AtBegShi@Output ...ipout \box \AtBeginShipoutBox 
                                                  \fi \fi 
l.263 \end{landscape}
                     



] <lf_z0.495.pdf, id=361, 498.19676pt x 491.65729pt>
File: lf_z0.495.pdf Graphic file (type pdf)

<use lf_z0.495.pdf>
Package pdftex.def Info: lf_z0.495.pdf used on input line 268.
(pdftex.def)             Requested size: 201.59692pt x 198.94756pt.
 <lf_z0.881.pdf, id=362, 498.19676pt x 491.65729pt>
File: lf_z0.881.pdf Graphic file (type pdf)

<use lf_z0.881.pdf>
Package pdftex.def Info: lf_z0.881.pdf used on input line 269.
(pdftex.def)             Requested size: 201.59692pt x 198.94756pt.
 <lf_z1.252.pdf, id=363, 498.19676pt x 491.65729pt>
File: lf_z1.252.pdf Graphic file (type pdf)

<use lf_z1.252.pdf>
Package pdftex.def Info: lf_z1.252.pdf used on input line 271.
(pdftex.def)             Requested size: 201.59692pt x 198.94756pt.
 <lf_z1.626.pdf, id=364, 498.19676pt x 491.65729pt>
File: lf_z1.626.pdf Graphic file (type pdf)

<use lf_z1.626.pdf>
Package pdftex.def Info: lf_z1.626.pdf used on input line 272.
(pdftex.def)             Requested size: 201.59692pt x 198.94756pt.
 <lf_z1.987.pdf, id=365, 498.19676pt x 491.65729pt>
File: lf_z1.987.pdf Graphic file (type pdf)

<use lf_z1.987.pdf>
Package pdftex.def Info: lf_z1.987.pdf used on input line 274.
(pdftex.def)             Requested size: 201.59692pt x 198.94756pt.
 <lf_z2.254.pdf, id=366, 498.19676pt x 491.65729pt>
File: lf_z2.254.pdf Graphic file (type pdf)

<use lf_z2.254.pdf>
Package pdftex.def Info: lf_z2.254.pdf used on input line 275.
(pdftex.def)             Requested size: 201.59692pt x 198.94756pt.
 <lf_z2.348.pdf, id=367, 498.19676pt x 491.65729pt>
File: lf_z2.348.pdf Graphic file (type pdf)

<use lf_z2.348.pdf>
Package pdftex.def Info: lf_z2.348.pdf used on input line 284.
(pdftex.def)             Requested size: 201.59692pt x 198.94756pt.
 <lf_z2.446.pdf, id=368, 498.19676pt x 491.65729pt>
File: lf_z2.446.pdf Graphic file (type pdf)

<use lf_z2.446.pdf>
Package pdftex.def Info: lf_z2.446.pdf used on input line 285.
(pdftex.def)             Requested size: 201.59692pt x 198.94756pt.
 <lf_z2.548.pdf, id=369, 498.19676pt x 491.65729pt>
File: lf_z2.548.pdf Graphic file (type pdf)

<use lf_z2.548.pdf>
Package pdftex.def Info: lf_z2.548.pdf used on input line 287.
(pdftex.def)             Requested size: 201.59692pt x 198.94756pt.
 <lf_z2.645.pdf, id=370, 498.19676pt x 491.65729pt>
File: lf_z2.645.pdf Graphic file (type pdf)

<use lf_z2.645.pdf>
Package pdftex.def Info: lf_z2.645.pdf used on input line 288.
(pdftex.def)             Requested size: 201.59692pt x 198.94756pt.
 <lf_z2.746.pdf, id=371, 498.19676pt x 491.65729pt>
File: lf_z2.746.pdf Graphic file (type pdf)

<use lf_z2.746.pdf>
Package pdftex.def Info: lf_z2.746.pdf used on input line 290.
(pdftex.def)             Requested size: 201.59692pt x 198.94756pt.
 <lf_z2.901.pdf, id=372, 498.19676pt x 491.65729pt>
File: lf_z2.901.pdf Graphic file (type pdf)

<use lf_z2.901.pdf>
Package pdftex.def Info: lf_z2.901.pdf used on input line 291.
(pdftex.def)             Requested size: 201.59692pt x 198.94756pt.
 <lf_z3.119.pdf, id=373, 498.19676pt x 491.65729pt>
File: lf_z3.119.pdf Graphic file (type pdf)

<use lf_z3.119.pdf>
Package pdftex.def Info: lf_z3.119.pdf used on input line 300.
(pdftex.def)             Requested size: 201.59692pt x 198.94756pt.
 <lf_z3.333.pdf, id=374, 498.19676pt x 491.65729pt>
File: lf_z3.333.pdf Graphic file (type pdf)

<use lf_z3.333.pdf>
Package pdftex.def Info: lf_z3.333.pdf used on input line 301.
(pdftex.def)             Requested size: 201.59692pt x 198.94756pt.
 <lf_z3.831.pdf, id=375, 498.19676pt x 491.65729pt>
File: lf_z3.831.pdf Graphic file (type pdf)

<use lf_z3.831.pdf>
Package pdftex.def Info: lf_z3.831.pdf used on input line 303.
(pdftex.def)             Requested size: 201.59692pt x 198.94756pt.
 <lf_z4.196.pdf, id=376, 498.19676pt x 491.65729pt>
File: lf_z4.196.pdf Graphic file (type pdf)

<use lf_z4.196.pdf>
Package pdftex.def Info: lf_z4.196.pdf used on input line 304.
(pdftex.def)             Requested size: 201.59692pt x 198.94756pt.
 <lf_z4.837.pdf, id=377, 498.19676pt x 491.65729pt>
File: lf_z4.837.pdf Graphic file (type pdf)

<use lf_z4.837.pdf>
Package pdftex.def Info: lf_z4.837.pdf used on input line 306.
(pdftex.def)             Requested size: 201.59692pt x 198.94756pt.
 <lf_z6.001.pdf, id=378, 498.19676pt x 491.65729pt>
File: lf_z6.001.pdf Graphic file (type pdf)

<use lf_z6.001.pdf>
Package pdftex.def Info: lf_z6.001.pdf used on input line 307.
(pdftex.def)             Requested size: 201.59692pt x 198.94756pt.
 <evolution.pdf, id=379, 488.36705pt x 425.63441pt>
File: evolution.pdf Graphic file (type pdf)

<use evolution.pdf>
Package pdftex.def Info: evolution.pdf used on input line 315.
(pdftex.def)             Requested size: 504.0pt x 439.27861pt.
 (./paper.bbl

Package hyperref Warning: Suppressing empty link on input line 49.

)
Package atveryend Info: Empty hook `BeforeClearDocument' on input line 336.
 [8


]
Underfull \vbox (badness 10000) has occurred while \output is active []

 [9pdfTeX warning (ext4): destination with the same identifier (name{figure.6})
 has been already used, duplicate ignored

\AtBegShi@Output ...ipout \box \AtBeginShipoutBox 
                                                  \fi \fi 
l.336 \end{document}
                     <./lf_z0.495.pdf> <./lf_z0.881.pdf

pdfTeX warning: pdflatex (file ./lf_z0.881.pdf): PDF inclusion: multiple pdfs w
ith page group included in a single page
> <./lf_z1.252.pdf

pdfTeX warning: pdflatex (file ./lf_z1.252.pdf): PDF inclusion: multiple pdfs w
ith page group included in a single page
> <./lf_z1.626.pdf

pdfTeX warning: pdflatex (file ./lf_z1.626.pdf): PDF inclusion: multiple pdfs w
ith page group included in a single page
> <./lf_z1.987.pdf

pdfTeX warning: pdflatex (file ./lf_z1.987.pdf): PDF inclusion: multiple pdfs w
ith page group included in a single page
> <./lf_z2.254.pdf

pdfTeX warning: pdflatex (file ./lf_z2.254.pdf): PDF inclusion: multiple pdfs w
ith page group included in a single page
>]
Underfull \vbox (badness 10000) has occurred while \output is active []

 [10pdfTeX warning (ext4): destination with the same identifier (name{figure.7}
) has been already used, duplicate ignored

\AtBegShi@Output ...ipout \box \AtBeginShipoutBox 
                                                  \fi \fi 
l.336 \end{document}
                     <./lf_z2.348.pdf> <./lf_z2.446.pdf

pdfTeX warning: pdflatex (file ./lf_z2.446.pdf): PDF inclusion: multiple pdfs w
ith page group included in a single page
> <./lf_z2.548.pdf

pdfTeX warning: pdflatex (file ./lf_z2.548.pdf): PDF inclusion: multiple pdfs w
ith page group included in a single page
> <./lf_z2.645.pdf

pdfTeX warning: pdflatex (file ./lf_z2.645.pdf): PDF inclusion: multiple pdfs w
ith page group included in a single page
> <./lf_z2.746.pdf

pdfTeX warning: pdflatex (file ./lf_z2.746.pdf): PDF inclusion: multiple pdfs w
ith page group included in a single page
> <./lf_z2.901.pdf

pdfTeX warning: pdflatex (file ./lf_z2.901.pdf): PDF inclusion: multiple pdfs w
ith page group included in a single page
>]
Underfull \vbox (badness 10000) has occurred while \output is active []

 [11pdfTeX warning (ext4): destination with the same identifier (name{figure.8}
) has been already used, duplicate ignored

\AtBegShi@Output ...ipout \box \AtBeginShipoutBox 
                                                  \fi \fi 
l.336 \end{document}
                     <./lf_z3.119.pdf> <./lf_z3.333.pdf

pdfTeX warning: pdflatex (file ./lf_z3.333.pdf): PDF inclusion: multiple pdfs w
ith page group included in a single page
> <./lf_z3.831.pdf

pdfTeX warning: pdflatex (file ./lf_z3.831.pdf): PDF inclusion: multiple pdfs w
ith page group included in a single page
> <./lf_z4.196.pdf

pdfTeX warning: pdflatex (file ./lf_z4.196.pdf): PDF inclusion: multiple pdfs w
ith page group included in a single page
> <./lf_z4.837.pdf

pdfTeX warning: pdflatex (file ./lf_z4.837.pdf): PDF inclusion: multiple pdfs w
ith page group included in a single page
> <./lf_z6.001.pdf

pdfTeX warning: pdflatex (file ./lf_z6.001.pdf): PDF inclusion: multiple pdfs w
ith page group included in a single page
>]
Underfull \vbox (badness 10000) has occurred while \output is active []

 [12pdfTeX warning (ext4): destination with the same identifier (name{figure.9}
) has been already used, duplicate ignored

\AtBegShi@Output ...ipout \box \AtBeginShipoutBox 
                                                  \fi \fi 
l.336 \end{document}
                     <./evolution.pdf>]
Package atveryend Info: Empty hook `AfterLastShipout' on input line 336.
 (./paper.aux)
Package atveryend Info: Empty hook `AtVeryEndDocument' on input line 336.
Package atveryend Info: Executing hook `AtEndAfterFileList' on input line 336.
Package rerunfilecheck Info: File `paper.out' has not changed.
(rerunfilecheck)             Checksum: 0AFF557DB21A7F0112ECB501F4A136E6;106.


LaTeX Warning: There were multiply-defined labels.

Package atveryend Info: Empty hook `AtVeryVeryEnd' on input line 336.
 ) 
Here is how much of TeX's memory you used:
 7504 strings out of 493014
 104985 string characters out of 6133352
 213282 words of memory out of 5000000
 10815 multiletter control sequences out of 15000+600000
 48094 words of font info for 108 fonts, out of 8000000 for 9000
 1141 hyphenation exceptions out of 8191
 36i,15n,34p,502b,376s stack positions out of 5000i,500n,10000p,200000b,80000s
pdfTeX warning (dest): name{Hfootnote.1} has been referenced but does not exi
st, replaced by a fixed one

</usr/local/texlive/2016/texmf-dist/fonts/type1/public/amsfonts/cm/cmbx10.pfb><
/usr/local/texlive/2016/texmf-dist/fonts/type1/public/amsfonts/cm/cmbx12.pfb></
usr/local/texlive/2016/texmf-dist/fonts/type1/public/amsfonts/cm/cmbx8.pfb></us
r/local/texlive/2016/texmf-dist/fonts/type1/public/amsfonts/cm/cmbx9.pfb></usr/
local/texlive/2016/texmf-dist/fonts/type1/public/amsfonts/cm/cmex10.pfb></usr/l
ocal/texlive/2016/texmf-dist/fonts/type1/public/amsfonts/cmextra/cmex9.pfb></us
r/local/texlive/2016/texmf-dist/fonts/type1/public/amsfonts/cm/cmmi10.pfb></usr
/local/texlive/2016/texmf-dist/fonts/type1/public/amsfonts/cm/cmmi12.pfb></usr/
local/texlive/2016/texmf-dist/fonts/type1/public/amsfonts/cm/cmmi5.pfb></usr/lo
cal/texlive/2016/texmf-dist/fonts/type1/public/amsfonts/cm/cmmi6.pfb></usr/loca
l/texlive/2016/texmf-dist/fonts/type1/public/amsfonts/cm/cmmi8.pfb></usr/local/
texlive/2016/texmf-dist/fonts/type1/public/amsfonts/cm/cmmi9.pfb></usr/local/te
xlive/2016/texmf-dist/fonts/type1/public/amsfonts/cm/cmr10.pfb></usr/local/texl
ive/2016/texmf-dist/fonts/type1/public/amsfonts/cm/cmr12.pfb></usr/local/texliv
e/2016/texmf-dist/fonts/type1/public/amsfonts/cm/cmr17.pfb></usr/local/texlive/
2016/texmf-dist/fonts/type1/public/amsfonts/cm/cmr5.pfb></usr/local/texlive/201
6/texmf-dist/fonts/type1/public/amsfonts/cm/cmr6.pfb></usr/local/texlive/2016/t
exmf-dist/fonts/type1/public/amsfonts/cm/cmr8.pfb></usr/local/texlive/2016/texm
f-dist/fonts/type1/public/amsfonts/cm/cmr9.pfb></usr/local/texlive/2016/texmf-d
ist/fonts/type1/public/amsfonts/cm/cmsy10.pfb></usr/local/texlive/2016/texmf-di
st/fonts/type1/public/amsfonts/cm/cmsy5.pfb></usr/local/texlive/2016/texmf-dist
/fonts/type1/public/amsfonts/cm/cmsy6.pfb></usr/local/texlive/2016/texmf-dist/f
onts/type1/public/amsfonts/cm/cmsy8.pfb></usr/local/texlive/2016/texmf-dist/fon
ts/type1/public/amsfonts/cm/cmsy9.pfb></usr/local/texlive/2016/texmf-dist/fonts
/type1/public/amsfonts/cm/cmti12.pfb></usr/local/texlive/2016/texmf-dist/fonts/
type1/public/amsfonts/cm/cmti8.pfb></usr/local/texlive/2016/texmf-dist/fonts/ty
pe1/public/amsfonts/cm/cmtt8.pfb>
Output written on paper.pdf (12 pages, 4053131 bytes).
PDF statistics:
 902 PDF objects out of 1000 (max. 8388607)
 717 compressed objects within 8 object streams
 52 named destinations out of 1000 (max. 500000)
 137 words of extra memory for PDF output out of 10000 (max. 10000000)

